GROUP,PACKAGE,CLASS,INSTRUCTION_MISSED,INSTRUCTION_COVERED,BRANCH_MISSED,BRANCH_COVERED,LINE_MISSED,LINE_COVERED,COMPLEXITY_MISSED,COMPLEXITY_COVERED,METHOD_MISSED,METHOD_COVERED
library,cl.kibernumacademy.library.exceptions,LoanException,0,4,0,0,0,2,0,1,0,1
library,cl.kibernumacademy.library,Main,7,0,0,0,3,0,2,0,2,0
library,cl.kibernumacademy.library.domain,Member,0,12,0,0,0,1,0,1,0,1
library,cl.kibernumacademy.library.domain,Book,0,12,0,0,0,1,0,1,0,1
library,cl.kibernumacademy.library.services,LibraryService,6,37,0,2,0,10,1,3,1,2
